<?xml version="1.0" encoding="UTF-8"?>
<program language="IPPcode20">
<instruction order="1" opcode="DEFVAR">
<arg1 type="var">GF@a</arg1>
</instruction>
<!-- Deleted Element(s) -->
<instruction order="2" opcode="READ">
<arg1 type="var">GF@a</arg1>
<arg2 type="type">int</arg2>
</instruction>
<!-- Deleted Element(s) -->
<instruction order="3" opcode="WRITE">
<arg1 type="var">GF@a</arg1>
</instruction>
<!-- Deleted Element(s) -->
<instruction order="4" opcode="WRITE">
<arg1 type="string">\032&lt;not-tag/&gt;\032</arg1>
</instruction>
<!-- Deleted Element(s) -->
<instruction order="5" opcode="WRITE">
<arg1 type="bool">true</arg1>
</instruction>
</program>
